mode: set
github.com/tommzn/utte-lock/backoff.go:5.101,12.2 1 1
github.com/tommzn/utte-lock/backoff.go:14.27,19.2 4 1
github.com/tommzn/utte-lock/backoff.go:21.32,28.2 1 1
github.com/tommzn/utte-lock/backoff.go:30.44,32.2 1 1
github.com/tommzn/utte-lock/backoff.go:34.58,36.51 1 1
github.com/tommzn/utte-lock/backoff.go:36.51,38.3 1 1
github.com/tommzn/utte-lock/backoff.go:40.2,42.35 3 1
github.com/tommzn/utte-lock/backoff.go:42.35,45.3 2 1
github.com/tommzn/utte-lock/backoff.go:47.2,48.21 2 1
github.com/tommzn/utte-lock/backoff.go:51.51,53.2 1 1
github.com/tommzn/utte-lock/backoff.go:55.54,57.2 1 1
github.com/tommzn/utte-lock/db_lock.go:11.94,13.2 1 1
github.com/tommzn/utte-lock/db_lock.go:15.104,17.2 1 1
github.com/tommzn/utte-lock/db_lock.go:19.122,22.16 2 1
github.com/tommzn/utte-lock/db_lock.go:22.16,24.3 1 0
github.com/tommzn/utte-lock/db_lock.go:26.2,27.6 2 1
github.com/tommzn/utte-lock/db_lock.go:27.6,32.17 3 1
github.com/tommzn/utte-lock/db_lock.go:32.17,35.4 2 1
github.com/tommzn/utte-lock/db_lock.go:36.3,39.25 3 1
github.com/tommzn/utte-lock/db_lock.go:39.25,41.4 1 1
github.com/tommzn/utte-lock/db_lock.go:42.3,42.29 1 1
github.com/tommzn/utte-lock/db_lock.go:46.111,48.80 1 1
github.com/tommzn/utte-lock/db_lock.go:48.80,51.3 2 1
github.com/tommzn/utte-lock/db_lock.go:53.2,53.59 1 1
github.com/tommzn/utte-lock/db_lock.go:53.59,55.3 1 1
github.com/tommzn/utte-lock/db_lock.go:57.2,58.16 2 1
github.com/tommzn/utte-lock/db_lock.go:58.16,60.3 1 0
github.com/tommzn/utte-lock/db_lock.go:62.2,62.64 1 1
github.com/tommzn/utte-lock/db_lock.go:62.64,66.3 3 1
github.com/tommzn/utte-lock/db_lock.go:68.2,68.79 1 1
github.com/tommzn/utte-lock/db_lock.go:68.79,71.3 2 0
github.com/tommzn/utte-lock/db_lock.go:73.2,74.20 2 1
github.com/tommzn/utte-lock/db_lock.go:77.123,81.15 3 1
github.com/tommzn/utte-lock/db_lock.go:81.15,83.3 1 1
github.com/tommzn/utte-lock/db_lock.go:83.8,85.3 1 1
github.com/tommzn/utte-lock/db_lock.go:86.2,86.16 1 1
github.com/tommzn/utte-lock/db_lock.go:86.16,88.3 1 1
github.com/tommzn/utte-lock/db_lock.go:89.2,89.12 1 1
github.com/tommzn/utte-lock/db_lock.go:92.74,97.16 3 1
github.com/tommzn/utte-lock/db_lock.go:97.16,100.3 2 0
github.com/tommzn/utte-lock/db_lock.go:102.2,103.32 2 1
github.com/tommzn/utte-lock/db_lock.go:103.32,107.3 3 1
github.com/tommzn/utte-lock/db_lock.go:109.2,109.12 1 1
github.com/tommzn/utte-lock/db_lock.go:112.87,115.16 2 1
github.com/tommzn/utte-lock/db_lock.go:115.16,118.3 2 0
github.com/tommzn/utte-lock/db_lock.go:119.2,119.16 1 1
github.com/tommzn/utte-lock/db_lock.go:119.16,122.3 2 0
github.com/tommzn/utte-lock/db_lock.go:124.2,125.37 2 1
github.com/tommzn/utte-lock/db_lock.go:125.37,129.3 3 1
github.com/tommzn/utte-lock/db_lock.go:131.2,131.12 1 1
github.com/tommzn/utte-lock/db_lock.go:134.79,137.16 2 1
github.com/tommzn/utte-lock/db_lock.go:137.16,139.3 1 0
github.com/tommzn/utte-lock/db_lock.go:140.2,145.16 5 1
github.com/tommzn/utte-lock/db_lock.go:145.16,147.3 1 0
github.com/tommzn/utte-lock/db_lock.go:149.2,149.22 1 1
github.com/tommzn/utte-lock/db_lock.go:152.77,155.16 2 1
github.com/tommzn/utte-lock/db_lock.go:155.16,157.3 1 0
github.com/tommzn/utte-lock/db_lock.go:158.2,163.16 5 1
github.com/tommzn/utte-lock/db_lock.go:163.16,165.3 1 0
github.com/tommzn/utte-lock/db_lock.go:167.2,167.20 1 1
github.com/tommzn/utte-lock/db_lock.go:170.114,173.16 2 1
github.com/tommzn/utte-lock/db_lock.go:173.16,175.3 1 0
github.com/tommzn/utte-lock/db_lock.go:177.2,182.8 1 1
github.com/tommzn/utte-lock/db_lock.go:185.43,187.20 1 1
github.com/tommzn/utte-lock/db_lock.go:187.20,189.3 1 1
github.com/tommzn/utte-lock/db_lock.go:191.2,192.16 2 1
github.com/tommzn/utte-lock/db_lock.go:192.16,194.3 1 0
github.com/tommzn/utte-lock/db_lock.go:195.2,196.12 2 1
github.com/tommzn/utte-lock/db_lock.go:199.50,201.2 1 1
github.com/tommzn/utte-lock/db_lock.go:203.30,205.2 1 1
github.com/tommzn/utte-lock/postgres.go:16.98,23.17 5 1
github.com/tommzn/utte-lock/postgres.go:23.17,25.3 1 0
github.com/tommzn/utte-lock/postgres.go:26.2,27.17 2 1
github.com/tommzn/utte-lock/postgres.go:27.17,29.3 1 0
github.com/tommzn/utte-lock/postgres.go:31.2,33.16 3 1
github.com/tommzn/utte-lock/postgres.go:33.16,35.3 1 0
github.com/tommzn/utte-lock/postgres.go:37.2,37.22 1 1
github.com/tommzn/utte-lock/postgres.go:40.104,45.16 3 1
github.com/tommzn/utte-lock/postgres.go:45.16,47.3 1 0
github.com/tommzn/utte-lock/postgres.go:49.2,50.16 2 1
github.com/tommzn/utte-lock/postgres.go:50.16,52.3 1 0
github.com/tommzn/utte-lock/postgres.go:54.2,54.102 1 1
github.com/tommzn/utte-lock/postgres.go:57.41,59.2 1 1
github.com/tommzn/utte-lock/test_helper.go:9.56,12.21 2 1
github.com/tommzn/utte-lock/test_helper.go:12.21,14.3 1 0
github.com/tommzn/utte-lock/test_helper.go:15.2,17.15 3 1
github.com/tommzn/utte-lock/test_helper.go:20.33,22.2 1 1
github.com/tommzn/utte-lock/test_helper.go:24.53,30.2 4 1
